<?xml version="1.0" encoding="utf-8"?><testsuites><testsuite name="pytest" errors="1" failures="0" skipped="0" tests="1" time="0.496" timestamp="2022-01-21T17:03:46.624363" hostname="OLI-OMEN"><testcase classname="" name="tests.test_newsml" time="0.000"><error message="collection failure">ImportError while importing test module '/home/olivier/dev/kairntech/pyconverters_newsml/tests/test_newsml.py'.
Hint: make sure your test modules/packages have valid Python names.
Traceback:
../../../.pyenv/versions/3.8.2/lib/python3.8/importlib/__init__.py:127: in import_module
    return _bootstrap._gcd_import(name[level:], package, level)
tests/test_newsml.py:9: in &lt;module&gt;
    from tqdm import tqdm
E   ModuleNotFoundError: No module named 'tqdm'</error></testcase></testsuite></testsuites>