<?xml version="1.0" encoding="utf-8"?><testsuites><testsuite name="pytest" errors="0" failures="0" skipped="5" tests="8" time="1.776" timestamp="2022-01-21T18:46:03.960220" hostname="OLI-OMEN"><testcase classname="bumpversion" name="FLAKE8" time="0.001"><skipped type="pytest.skip" message="file(s) previously passed FLAKE8 checks">/home/olivier/dev/kairntech/pyconverters_newsml/.tox/py38/lib/python3.8/site-packages/pytest_flake8.py:116: file(s) previously passed FLAKE8 checks</skipped></testcase><testcase classname="src.pyconverters_newsml.__init__" name="FLAKE8" time="0.000"><skipped type="pytest.skip" message="file(s) previously passed FLAKE8 checks">/home/olivier/dev/kairntech/pyconverters_newsml/.tox/py38/lib/python3.8/site-packages/pytest_flake8.py:116: file(s) previously passed FLAKE8 checks</skipped></testcase><testcase classname="src.pyconverters_newsml.newsml" name="FLAKE8" time="0.148" /><testcase classname="tests.test_newsml" name="FLAKE8" time="0.000"><skipped type="pytest.skip" message="file(s) previously passed FLAKE8 checks">/home/olivier/dev/kairntech/pyconverters_newsml/.tox/py38/lib/python3.8/site-packages/pytest_flake8.py:116: file(s) previously passed FLAKE8 checks</skipped></testcase><testcase classname="tests.test_newsml" name="test_newsml_text" time="1.078" /><testcase classname="tests.test_newsml" name="test_newsml_pics" time="0.008" /><testcase classname="tests.test_newsml" name="test_parse_xml" time="0.000"><skipped type="pytest.skip" message="Not a test">/home/olivier/dev/kairntech/pyconverters_newsml/tests/test_newsml.py:62: Not a test</skipped></testcase><testcase classname="tests.test_newsml" name="test_parse_categories" time="0.000"><skipped type="pytest.skip" message="Not a test">/home/olivier/dev/kairntech/pyconverters_newsml/tests/test_newsml.py:87: Not a test</skipped></testcase></testsuite></testsuites>